<?xml version="1.0" encoding="UTF-8"?>
<testng-results skipped="0" failed="0" total="1" passed="1">
  <reporter-output>
  </reporter-output>
  <suite name="Default suite" duration-ms="32" started-at="2018-04-01T03:27:51Z" finished-at="2018-04-01T03:27:51Z">
    <groups>
    </groups>
    <test name="Default test" duration-ms="32" started-at="2018-04-01T03:27:51Z" finished-at="2018-04-01T03:27:51Z">
      <class name="com.bbc.MavenTestngDemo.AppTest">
        <test-method status="PASS" signature="MavenTestngDemo()[pri:0, instance:com.bbc.MavenTestngDemo.AppTest@77caeb3e]" name="MavenTestngDemo" duration-ms="15" started-at="2018-04-01T11:27:51Z" finished-at="2018-04-01T11:27:51Z">
          <reporter-output>
          </reporter-output>
        </test-method> <!-- MavenTestngDemo -->
      </class> <!-- com.bbc.MavenTestngDemo.AppTest -->
    </test> <!-- Default test -->
  </suite> <!-- Default suite -->
</testng-results>
